<?xml version="1.0" encoding="UTF-8"?>
<testsuite xmlns:xsi="http://www.w3.org/2001/XMLSchema-instance" xsi:noNamespaceSchemaLocation="https://maven.apache.org/surefire/maven-surefire-plugin/xsd/surefire-test-report.xsd" name="demo.cats.CatsRunner" time="6.517" tests="2" errors="1" skipped="0" failures="0">
  <properties>
[...]
</properties>
  <testcase name="[1:9] create and retrieve a cat" classname="[demo/cats/cats] cats end-point" time="0.248"/>
  <testcase name="[2:32] Some other stuff" classname="[demo/cats/cats] cats end-point" time="0.014">
    <error message="match failed: EQUALS&#10;  $ | not equal | match failed for name: &apos;name&apos; (MAP:MAP)&#10;  {&quot;id&quot;:2,&quot;name&quot;:&quot;Billie&quot;}&#10;  {&quot;id&quot;:&quot;#number&quot;,&quot;name&quot;:&quot;John&quot;}&#10;&#10;    $.name | not equal (STRING:STRING)&#10;    &apos;Billie&apos;&#10;    &apos;John&apos;&#10;&#10;classpath:demo/cats/cats.feature:39" type="com.intuit.karate.KarateException">com.intuit.karate.KarateException: 
match failed: EQUALS
  $ | not equal | match failed for name: 'name' (MAP:MAP)
  {"id":2,"name":"Billie"}
  {"id":"#number","name":"John"}

    $.name | not equal (STRING:STRING)
    'Billie'
    'John'

classpath:demo/cats/cats.feature:39
</error>
    <system-out><![CDATA[16:38:30.988 [main] DEBUG com.intuit.karate - request:
1 > POST http://127.0.0.1:59655/cats
1 > Content-Type: application/json; charset=UTF-8
1 > Content-Length: 17
1 > Host: 127.0.0.1:59655
1 > Connection: Keep-Alive
1 > User-Agent: Apache-HttpClient/4.5.13 (Java/1.8.0_121)
1 > Accept-Encoding: gzip,deflate
{
  "name": "Billie"
}


16:38:30.993 [main] DEBUG com.intuit.karate - response time in milliseconds: 4
1 < 200
1 < X-Content-Type-Options: nosniff
1 < X-XSS-Protection: 1; mode=block
1 < Cache-Control: no-cache, no-store, max-age=0, must-revalidate
1 < Pragma: no-cache
1 < Expires: 0
1 < X-Frame-Options: DENY
1 < Content-Type: application/json
1 < Transfer-Encoding: chunked
1 < Date: Tue, 18 Jan 2022 16:38:30 GMT
1 < Keep-Alive: timeout=60
1 < Connection: keep-alive
{
  "id": 2,
  "name": "Billie"
}

16:38:30.996 [main] ERROR com.intuit.karate - classpath:demo/cats/cats.feature:39
And match response == { id: '#number', name: 'John' }
match failed: EQUALS
  $ | not equal | match failed for name: 'name' (MAP:MAP)
  {"id":2,"name":"Billie"}
  {"id":"#number","name":"John"}

    $.name | not equal (STRING:STRING)
    'Billie'
    'John'

classpath:demo/cats/cats.feature:39
]]></system-out>
  </testcase>
</testsuite>